Using pre-set license
Built from '2022.3/staging' branch; Version is '2022.3.29f1 (8d510ca76d2b) revision 9261324'; Using compiler version '192829333'; Build Type 'Release'
OS: 'Windows 10  (10.0.19045) 64bit Core' Language: 'en' Physical Memory: 65456 MB
BatchMode: 1, IsHumanControllingUs: 0, StartBugReporterOnCrash: 0, Is64bit: 1, IsPro: 1

COMMAND LINE ARGUMENTS:
D:\Unity\2022.3.29f1\Editor\Unity.exe
-adb2
-batchMode
-noUpm
-name
AssetImportWorker14
-projectPath
C:/Users/Gamestudios VR/Documents/GitHub/XGS_SA_Unity_Web/XGS_Satama_Areena
-logFile
Logs/AssetImportWorker14.log
-srvPort
49283
Successfully changed project path to: C:/Users/Gamestudios VR/Documents/GitHub/XGS_SA_Unity_Web/XGS_Satama_Areena
C:/Users/Gamestudios VR/Documents/GitHub/XGS_SA_Unity_Web/XGS_Satama_Areena
[UnityMemory] Configuration Parameters - Can be set up in boot.config
    "memorysetup-bucket-allocator-granularity=16"
    "memorysetup-bucket-allocator-bucket-count=8"
    "memorysetup-bucket-allocator-block-size=33554432"
    "memorysetup-bucket-allocator-block-count=8"
    "memorysetup-main-allocator-block-size=16777216"
    "memorysetup-thread-allocator-block-size=16777216"
    "memorysetup-gfx-main-allocator-block-size=16777216"
    "memorysetup-gfx-thread-allocator-block-size=16777216"
    "memorysetup-cache-allocator-block-size=4194304"
    "memorysetup-typetree-allocator-block-size=2097152"
    "memorysetup-profiler-bucket-allocator-granularity=16"
    "memorysetup-profiler-bucket-allocator-bucket-count=8"
    "memorysetup-profiler-bucket-allocator-block-size=33554432"
    "memorysetup-profiler-bucket-allocator-block-count=8"
    "memorysetup-profiler-allocator-block-size=16777216"
    "memorysetup-profiler-editor-allocator-block-size=1048576"
    "memorysetup-temp-allocator-size-main=16777216"
    "memorysetup-job-temp-allocator-block-size=2097152"
    "memorysetup-job-temp-allocator-block-size-background=1048576"
    "memorysetup-job-temp-allocator-reduction-small-platforms=262144"
    "memorysetup-allocator-temp-initial-block-size-main=262144"
    "memorysetup-allocator-temp-initial-block-size-worker=262144"
    "memorysetup-temp-allocator-size-background-worker=32768"
    "memorysetup-temp-allocator-size-job-worker=262144"
    "memorysetup-temp-allocator-size-preload-manager=33554432"
    "memorysetup-temp-allocator-size-nav-mesh-worker=65536"
    "memorysetup-temp-allocator-size-audio-worker=65536"
    "memorysetup-temp-allocator-size-cloud-worker=32768"
    "memorysetup-temp-allocator-size-gi-baking-worker=262144"
    "memorysetup-temp-allocator-size-gfx=262144"
Player connection [11104] Host "[IP] 10.89.1.78 [Port] 0 [Flags] 2 [Guid] 1504610304 [EditorId] 1504610304 [Version] 1048832 [Id] WindowsEditor(7,DESKTOP-0QQ657H) [Debug] 1 [PackageName] WindowsEditor [ProjectName] Editor" joined multi-casting on [225.0.0.222:54997]...

Player connection [11104] Host "[IP] 10.89.1.78 [Port] 0 [Flags] 2 [Guid] 1504610304 [EditorId] 1504610304 [Version] 1048832 [Id] WindowsEditor(7,DESKTOP-0QQ657H) [Debug] 1 [PackageName] WindowsEditor [ProjectName] Editor" joined alternative multi-casting on [225.0.0.222:34997]...

[Physics::Module] Initialized MultithreadedJobDispatcher with 31 workers.
Refreshing native plugins compatible for Editor in 9.63 ms, found 3 plugins.
Preloading 0 native plugins for Editor in 0.00 ms.
Initialize engine version: 2022.3.29f1 (8d510ca76d2b)
[Subsystems] Discovering subsystems at path D:/Unity/2022.3.29f1/Editor/Data/Resources/UnitySubsystems
[Subsystems] Discovering subsystems at path C:/Users/Gamestudios VR/Documents/GitHub/XGS_SA_Unity_Web/XGS_Satama_Areena/Assets
GfxDevice: creating device client; threaded=0; jobified=0
Direct3D:
    Version:  Direct3D 11.0 [level 11.1]
    Renderer: NVIDIA GeForce RTX 4090 (ID=0x2684)
    Vendor:   NVIDIA
    VRAM:     24156 MB
    Driver:   31.0.15.3623
Initialize mono
Mono path[0] = 'D:/Unity/2022.3.29f1/Editor/Data/Managed'
Mono path[1] = 'D:/Unity/2022.3.29f1/Editor/Data/MonoBleedingEdge/lib/mono/unityjit-win32'
Mono config path = 'D:/Unity/2022.3.29f1/Editor/Data/MonoBleedingEdge/etc'
Using monoOptions --debugger-agent=transport=dt_socket,embedding=1,server=y,suspend=n,address=127.0.0.1:56372
Begin MonoManager ReloadAssembly
Registering precompiled unity dll's ...
Register platform support module: D:/Unity/2022.3.29f1/Editor/Data/PlaybackEngines/WebGLSupport/UnityEditor.WebGL.Extensions.dll
Register platform support module: D:/Unity/2022.3.29f1/Editor/Data/PlaybackEngines/WindowsStandaloneSupport/UnityEditor.WindowsStandalone.Extensions.dll
Registered in 0.004548 seconds.
- Loaded All Assemblies, in  0.246 seconds
Native extension for WindowsStandalone target not found
Native extension for WebGL target not found
Mono: successfully reloaded assembly
- Finished resetting the current domain, in  0.194 seconds
Domain Reload Profiling: 440ms
	BeginReloadAssembly (85ms)
		ExecutionOrderSort (0ms)
		DisableScriptedObjects (0ms)
		BackupInstance (0ms)
		ReleaseScriptingObjects (0ms)
		CreateAndSetChildDomain (1ms)
	RebuildCommonClasses (25ms)
	RebuildNativeTypeToScriptingClass (7ms)
	initialDomainReloadingComplete (39ms)
	LoadAllAssembliesAndSetupDomain (90ms)
		LoadAssemblies (85ms)
		RebuildTransferFunctionScriptingTraits (0ms)
		AnalyzeDomain (88ms)
			TypeCache.Refresh (87ms)
				TypeCache.ScanAssembly (78ms)
			ScanForSourceGeneratedMonoScriptInfo (0ms)
			ResolveRequiredComponents (0ms)
	FinalizeReload (195ms)
		ReleaseScriptCaches (0ms)
		RebuildScriptCaches (0ms)
		SetupLoadedEditorAssemblies (154ms)
			LogAssemblyErrors (0ms)
			InitializePlatformSupportModulesInManaged (6ms)
			SetLoadedEditorAssemblies (4ms)
			RefreshPlugins (0ms)
			BeforeProcessingInitializeOnLoad (2ms)
			ProcessInitializeOnLoadAttributes (110ms)
			ProcessInitializeOnLoadMethodAttributes (32ms)
			AfterProcessingInitializeOnLoad (0ms)
			EditorAssembliesLoaded (0ms)
		ExecutionOrderSort2 (0ms)
		AwakeInstancesAfterBackupRestoration (0ms)
========================================================================
Worker process is ready to serve import requests
Begin MonoManager ReloadAssembly
Symbol file LoadedFromMemory is not a mono symbol file
- Loaded All Assemblies, in  0.479 seconds
Refreshing native plugins compatible for Editor in 4.16 ms, found 3 plugins.
Native extension for WindowsStandalone target not found
Native extension for WebGL target not found
Package Manager log level set to [2]
[Package Manager] Server::EnsureServerProcessIsRunning -- launch failed, reason: Unity was launched with the -noUpm command-line argument
[Package Manager] UpmClient::Send -- Unable to send message (not connected to UPM process).
[Package Manager] Cannot connect to Unity Package Manager local server
Mono: successfully reloaded assembly
- Finished resetting the current domain, in  0.478 seconds
Domain Reload Profiling: 955ms
	BeginReloadAssembly (112ms)
		ExecutionOrderSort (0ms)
		DisableScriptedObjects (4ms)
		BackupInstance (0ms)
		ReleaseScriptingObjects (0ms)
		CreateAndSetChildDomain (16ms)
	RebuildCommonClasses (22ms)
	RebuildNativeTypeToScriptingClass (7ms)
	initialDomainReloadingComplete (27ms)
	LoadAllAssembliesAndSetupDomain (309ms)
		LoadAssemblies (237ms)
		RebuildTransferFunctionScriptingTraits (0ms)
		AnalyzeDomain (141ms)
			TypeCache.Refresh (125ms)
				TypeCache.ScanAssembly (113ms)
			ScanForSourceGeneratedMonoScriptInfo (12ms)
			ResolveRequiredComponents (3ms)
	FinalizeReload (478ms)
		ReleaseScriptCaches (0ms)
		RebuildScriptCaches (0ms)
		SetupLoadedEditorAssemblies (372ms)
			LogAssemblyErrors (0ms)
			InitializePlatformSupportModulesInManaged (4ms)
			SetLoadedEditorAssemblies (3ms)
			RefreshPlugins (0ms)
			BeforeProcessingInitializeOnLoad (56ms)
			ProcessInitializeOnLoadAttributes (251ms)
			ProcessInitializeOnLoadMethodAttributes (55ms)
			AfterProcessingInitializeOnLoad (2ms)
			EditorAssembliesLoaded (0ms)
		ExecutionOrderSort2 (0ms)
		AwakeInstancesAfterBackupRestoration (4ms)
Launched and connected shader compiler UnityShaderCompiler.exe after 0.03 seconds
Refreshing native plugins compatible for Editor in 4.06 ms, found 3 plugins.
Preloading 0 native plugins for Editor in 0.00 ms.
Unloading 4129 Unused Serialized files (Serialized files now loaded: 0)
Unloading 40 unused Assets / (60.1 KB). Loaded Objects now: 4589.
Memory consumption went from 152.1 MB to 152.0 MB.
Total: 2.867400 ms (FindLiveObjects: 0.235500 ms CreateObjectMapping: 0.101800 ms MarkObjects: 2.432300 ms  DeleteObjects: 0.097100 ms)

AssetImportParameters requested are different than current active one (requested -> active):
  custom:scripting/monoscript/fileName/LocalizedText.cs: ee51068fc03172e17cf619f62dc3e505 -> 
  custom:container-demuxer-ogg: 62fdf1f143b41e24485cea50d1cbac27 -> 
  custom:video-decoder-ogg-theora: a1e56fd34408186e4bbccfd4996cb3dc -> 
  custom:scripting/monoscript/fileName/LocalizedDropdown.cs: f08c9c0f6a92fec4669b1163db892f4d -> 
  custom:scripting/monoscript/fileName/UI_mock.cs: 4aa4db56fd87dc8d658eadd9fc84b4fd -> 
  custom:framework-win-MediaFoundation: 216162199b28c13a410421893ffa2e32 -> 
  custom:scripting/monoscript/fileName/Sheet.cs: e187667664b8a27ec9c620550de19e88 -> 
  custom:scripting/monoscript/fileName/Example.cs: a93d79bc3f00d5bf7820d4d3e9240da3 -> 
  custom:scripting/monoscript/fileName/LocalizationSync.cs: 5f285ba6729449720c42e770a842debe -> 
  custom:scripting/monoscript/fileName/LocalizationSettingsWindow.cs: 8291477bed5d2f77e96b86d9b5091465 -> 
  custom:CustomObjectIndexerAttribute: 9a22284fe3817be447336de3de66b15e -> 
  custom:container-demuxer-webm: 4f35f7cbe854078d1ac9338744f61a02 -> 
  custom:scripting/monoscript/fileName/LocalizationSettings.cs: d7b7261a25b5b651f76c5deae87258a3 -> 0e2576b46b668ab2000f26b363c67059
  custom:scripting/monoscript/fileName/LocalizationSyncEditor.cs: f8fbb965ef5f061b081a8e859ac5127f -> 
  custom:container-muxer-webm: aa71ff27fc2769a1b78a27578f13a17b -> 
  custom:video-decoder-webm-vp8: 9c59270c3fd7afecdb556c50c9e8de78 -> 
  custom:SearchIndexIgnoredProperties: e643bd26f0fe6173181afceb89e7c659 -> 
  custom:AudioImporter_EditorPlatform: d09bf68614088b80899f8185d706f6e7 -> 
  custom:scripting/monoscript/fileName/LocalizationUtils.cs: 3c806992189686b372a811366c70b8d8 -> 
  custom:scripting/monoscript/fileName/LocalizationEditorWindow.cs: a308791364267e38fc29d4d438bc6117 -> 
  custom:scripting/monoscript/fileName/LocalizationEditor.cs: 794274cb5eeecf6cb8112951b2e2a6a5 -> 
  custom:video-encoder-webm-vp8: eb34c28f22e8b96e1ab97ce403110664 -> 
  custom:scripting/monoscript/fileName/TextEditor.cs: 932bce28fdfb33e4807d2516a62ee60c -> 0795927915f8ee9dc27f674f60e96764
  custom:audio-decoder-ogg-vorbis: bf7c407c2cedff20999df2af8eb42d56 -> 
  custom:scripting/monoscript/fileName/LocalizationManager.cs: a1cd2111031acb872dc045880c180122 -> 
  custom:scripting/monoscript/fileName/LocalizedTextEditor.cs: 5c8b7f17efc1d2b807daad2ff10a892d -> 
  custom:audio-encoder-webm-vorbis: bf7c407c2cedff20999df2af8eb42d56 -> 
  custom:scripting/monoscript/fileName/Constants.cs: 10f9f543dfa933f986e364d1256478d3 -> 
  custom:scripting/monoscript/fileName/LocalizationSettingsEditor.cs: 0a62ff49bc046f066cc4a9dbafb958e3 -> ac806a0ff0f97756d81f4b98267cefa6
  custom:scripting/monoscript/fileName/LocalizedTranslate.cs: 3c415716ea20e1e205287b854664259f -> 
  custom:scripting/monoscript/fileName/DropdownEditor.cs: 6e9e48563c04095f2104a5714007740a -> 7835943c2b1e7ab14674862cb91ce165
========================================================================
Received Prepare
Begin MonoManager ReloadAssembly
Symbol file LoadedFromMemory is not a mono symbol file
- Loaded All Assemblies, in  0.361 seconds
Refreshing native plugins compatible for Editor in 4.13 ms, found 3 plugins.
Native extension for WindowsStandalone target not found
Native extension for WebGL target not found
[Package Manager] Server::EnsureServerProcessIsRunning -- launch failed, reason: Unity was launched with the -noUpm command-line argument
[Package Manager] UpmClient::Send -- Unable to send message (not connected to UPM process).
[Package Manager] Cannot connect to Unity Package Manager local server
Mono: successfully reloaded assembly
- Finished resetting the current domain, in  0.857 seconds
Domain Reload Profiling: 1216ms
	BeginReloadAssembly (133ms)
		ExecutionOrderSort (0ms)
		DisableScriptedObjects (4ms)
		BackupInstance (0ms)
		ReleaseScriptingObjects (0ms)
		CreateAndSetChildDomain (28ms)
	RebuildCommonClasses (22ms)
	RebuildNativeTypeToScriptingClass (8ms)
	initialDomainReloadingComplete (19ms)
	LoadAllAssembliesAndSetupDomain (176ms)
		LoadAssemblies (239ms)
		RebuildTransferFunctionScriptingTraits (0ms)
		AnalyzeDomain (11ms)
			TypeCache.Refresh (5ms)
				TypeCache.ScanAssembly (0ms)
			ScanForSourceGeneratedMonoScriptInfo (0ms)
			ResolveRequiredComponents (4ms)
	FinalizeReload (857ms)
		ReleaseScriptCaches (0ms)
		RebuildScriptCaches (0ms)
		SetupLoadedEditorAssemblies (316ms)
			LogAssemblyErrors (0ms)
			InitializePlatformSupportModulesInManaged (5ms)
			SetLoadedEditorAssemblies (3ms)
			RefreshPlugins (0ms)
			BeforeProcessingInitializeOnLoad (59ms)
			ProcessInitializeOnLoadAttributes (221ms)
			ProcessInitializeOnLoadMethodAttributes (26ms)
			AfterProcessingInitializeOnLoad (2ms)
			EditorAssembliesLoaded (0ms)
		ExecutionOrderSort2 (0ms)
		AwakeInstancesAfterBackupRestoration (7ms)
Refreshing native plugins compatible for Editor in 5.19 ms, found 3 plugins.
Preloading 0 native plugins for Editor in 0.00 ms.
Unloading 4081 Unused Serialized files (Serialized files now loaded: 0)
Unloading 30 unused Assets / (33.7 KB). Loaded Objects now: 4592.
Memory consumption went from 146.6 MB to 146.6 MB.
Total: 2.765500 ms (FindLiveObjects: 0.284600 ms CreateObjectMapping: 0.222400 ms MarkObjects: 2.215900 ms  DeleteObjects: 0.042200 ms)

Prepare: number of updated asset objects reloaded= 0
AssetImportParameters requested are different than current active one (requested -> active):
  custom:scripting/monoscript/fileName/LocalizedText.cs: ee51068fc03172e17cf619f62dc3e505 -> 
  custom:container-demuxer-ogg: 62fdf1f143b41e24485cea50d1cbac27 -> 
  custom:video-decoder-ogg-theora: a1e56fd34408186e4bbccfd4996cb3dc -> 
  custom:scripting/monoscript/fileName/LocalizedDropdown.cs: f08c9c0f6a92fec4669b1163db892f4d -> 
  custom:scripting/monoscript/fileName/UI_mock.cs: 4aa4db56fd87dc8d658eadd9fc84b4fd -> 
  custom:framework-win-MediaFoundation: 216162199b28c13a410421893ffa2e32 -> 
  custom:scripting/monoscript/fileName/Sheet.cs: e187667664b8a27ec9c620550de19e88 -> 
  custom:scripting/monoscript/fileName/Example.cs: a93d79bc3f00d5bf7820d4d3e9240da3 -> 
  custom:scripting/monoscript/fileName/LocalizationSync.cs: 5f285ba6729449720c42e770a842debe -> 
  custom:scripting/monoscript/fileName/LocalizationSettingsWindow.cs: 8291477bed5d2f77e96b86d9b5091465 -> 
  custom:CustomObjectIndexerAttribute: 9a22284fe3817be447336de3de66b15e -> 
  custom:container-demuxer-webm: 4f35f7cbe854078d1ac9338744f61a02 -> 
  custom:scripting/monoscript/fileName/LocalizationSettings.cs: d7b7261a25b5b651f76c5deae87258a3 -> 0e2576b46b668ab2000f26b363c67059
  custom:scripting/monoscript/fileName/LocalizationSyncEditor.cs: f8fbb965ef5f061b081a8e859ac5127f -> 
  custom:container-muxer-webm: aa71ff27fc2769a1b78a27578f13a17b -> 
  custom:video-decoder-webm-vp8: 9c59270c3fd7afecdb556c50c9e8de78 -> 
  custom:SearchIndexIgnoredProperties: e643bd26f0fe6173181afceb89e7c659 -> 
  custom:AudioImporter_EditorPlatform: d09bf68614088b80899f8185d706f6e7 -> 
  custom:scripting/monoscript/fileName/LocalizationUtils.cs: 3c806992189686b372a811366c70b8d8 -> 
  custom:scripting/monoscript/fileName/LocalizationEditorWindow.cs: a308791364267e38fc29d4d438bc6117 -> 
  custom:scripting/monoscript/fileName/LocalizationEditor.cs: 794274cb5eeecf6cb8112951b2e2a6a5 -> 
  custom:video-encoder-webm-vp8: eb34c28f22e8b96e1ab97ce403110664 -> 
  custom:scripting/monoscript/fileName/TextEditor.cs: 932bce28fdfb33e4807d2516a62ee60c -> 0795927915f8ee9dc27f674f60e96764
  custom:audio-decoder-ogg-vorbis: bf7c407c2cedff20999df2af8eb42d56 -> 
  custom:scripting/monoscript/fileName/LocalizationManager.cs: a1cd2111031acb872dc045880c180122 -> 
  custom:scripting/monoscript/fileName/LocalizedTextEditor.cs: 5c8b7f17efc1d2b807daad2ff10a892d -> 
  custom:audio-encoder-webm-vorbis: bf7c407c2cedff20999df2af8eb42d56 -> 
  custom:scripting/monoscript/fileName/Constants.cs: 10f9f543dfa933f986e364d1256478d3 -> 
  custom:scripting/monoscript/fileName/LocalizationSettingsEditor.cs: 0a62ff49bc046f066cc4a9dbafb958e3 -> ac806a0ff0f97756d81f4b98267cefa6
  custom:scripting/monoscript/fileName/LocalizedTranslate.cs: 3c415716ea20e1e205287b854664259f -> 
  custom:scripting/monoscript/fileName/DropdownEditor.cs: 6e9e48563c04095f2104a5714007740a -> 7835943c2b1e7ab14674862cb91ce165
========================================================================
Received Prepare
Begin MonoManager ReloadAssembly
Symbol file LoadedFromMemory is not a mono symbol file
- Loaded All Assemblies, in  0.382 seconds
Refreshing native plugins compatible for Editor in 5.30 ms, found 3 plugins.
Native extension for WindowsStandalone target not found
Native extension for WebGL target not found
[Package Manager] Server::EnsureServerProcessIsRunning -- launch failed, reason: Unity was launched with the -noUpm command-line argument
[Package Manager] UpmClient::Send -- Unable to send message (not connected to UPM process).
[Package Manager] Cannot connect to Unity Package Manager local server
Mono: successfully reloaded assembly
- Finished resetting the current domain, in  0.851 seconds
Domain Reload Profiling: 1231ms
	BeginReloadAssembly (139ms)
		ExecutionOrderSort (0ms)
		DisableScriptedObjects (5ms)
		BackupInstance (0ms)
		ReleaseScriptingObjects (0ms)
		CreateAndSetChildDomain (27ms)
	RebuildCommonClasses (28ms)
	RebuildNativeTypeToScriptingClass (13ms)
	initialDomainReloadingComplete (21ms)
	LoadAllAssembliesAndSetupDomain (179ms)
		LoadAssemblies (248ms)
		RebuildTransferFunctionScriptingTraits (0ms)
		AnalyzeDomain (10ms)
			TypeCache.Refresh (5ms)
				TypeCache.ScanAssembly (0ms)
			ScanForSourceGeneratedMonoScriptInfo (0ms)
			ResolveRequiredComponents (4ms)
	FinalizeReload (852ms)
		ReleaseScriptCaches (0ms)
		RebuildScriptCaches (0ms)
		SetupLoadedEditorAssemblies (317ms)
			LogAssemblyErrors (0ms)
			InitializePlatformSupportModulesInManaged (5ms)
			SetLoadedEditorAssemblies (3ms)
			RefreshPlugins (0ms)
			BeforeProcessingInitializeOnLoad (58ms)
			ProcessInitializeOnLoadAttributes (222ms)
			ProcessInitializeOnLoadMethodAttributes (26ms)
			AfterProcessingInitializeOnLoad (2ms)
			EditorAssembliesLoaded (0ms)
		ExecutionOrderSort2 (0ms)
		AwakeInstancesAfterBackupRestoration (7ms)
Refreshing native plugins compatible for Editor in 4.15 ms, found 3 plugins.
Preloading 0 native plugins for Editor in 0.00 ms.
Unloading 4081 Unused Serialized files (Serialized files now loaded: 0)
Unloading 30 unused Assets / (33.8 KB). Loaded Objects now: 4595.
Memory consumption went from 146.6 MB to 146.6 MB.
Total: 2.617900 ms (FindLiveObjects: 0.192900 ms CreateObjectMapping: 0.094000 ms MarkObjects: 2.286700 ms  DeleteObjects: 0.043800 ms)

Prepare: number of updated asset objects reloaded= 0
AssetImportParameters requested are different than current active one (requested -> active):
  custom:scripting/monoscript/fileName/LocalizedText.cs: ee51068fc03172e17cf619f62dc3e505 -> 
  custom:container-demuxer-ogg: 62fdf1f143b41e24485cea50d1cbac27 -> 
  custom:video-decoder-ogg-theora: a1e56fd34408186e4bbccfd4996cb3dc -> 
  custom:scripting/monoscript/fileName/LocalizedDropdown.cs: f08c9c0f6a92fec4669b1163db892f4d -> 
  custom:scripting/monoscript/fileName/UI_mock.cs: 4aa4db56fd87dc8d658eadd9fc84b4fd -> 
  custom:framework-win-MediaFoundation: 216162199b28c13a410421893ffa2e32 -> 
  custom:scripting/monoscript/fileName/Sheet.cs: e187667664b8a27ec9c620550de19e88 -> 
  custom:scripting/monoscript/fileName/Example.cs: a93d79bc3f00d5bf7820d4d3e9240da3 -> 
  custom:scripting/monoscript/fileName/LocalizationSync.cs: 5f285ba6729449720c42e770a842debe -> 
  custom:scripting/monoscript/fileName/LocalizationSettingsWindow.cs: 8291477bed5d2f77e96b86d9b5091465 -> 
  custom:CustomObjectIndexerAttribute: 9a22284fe3817be447336de3de66b15e -> 
  custom:container-demuxer-webm: 4f35f7cbe854078d1ac9338744f61a02 -> 
  custom:scripting/monoscript/fileName/LocalizationSettings.cs: d7b7261a25b5b651f76c5deae87258a3 -> 0e2576b46b668ab2000f26b363c67059
  custom:scripting/monoscript/fileName/LocalizationSyncEditor.cs: f8fbb965ef5f061b081a8e859ac5127f -> 
  custom:container-muxer-webm: aa71ff27fc2769a1b78a27578f13a17b -> 
  custom:video-decoder-webm-vp8: 9c59270c3fd7afecdb556c50c9e8de78 -> 
  custom:SearchIndexIgnoredProperties: e643bd26f0fe6173181afceb89e7c659 -> 
  custom:AudioImporter_EditorPlatform: d09bf68614088b80899f8185d706f6e7 -> 
  custom:scripting/monoscript/fileName/LocalizationUtils.cs: 3c806992189686b372a811366c70b8d8 -> 
  custom:scripting/monoscript/fileName/LocalizationEditorWindow.cs: a308791364267e38fc29d4d438bc6117 -> 
  custom:scripting/monoscript/fileName/LocalizationEditor.cs: 794274cb5eeecf6cb8112951b2e2a6a5 -> 
  custom:video-encoder-webm-vp8: eb34c28f22e8b96e1ab97ce403110664 -> 
  custom:scripting/monoscript/fileName/TextEditor.cs: 932bce28fdfb33e4807d2516a62ee60c -> 0795927915f8ee9dc27f674f60e96764
  custom:audio-decoder-ogg-vorbis: bf7c407c2cedff20999df2af8eb42d56 -> 
  custom:scripting/monoscript/fileName/LocalizationManager.cs: a1cd2111031acb872dc045880c180122 -> 
  custom:scripting/monoscript/fileName/LocalizedTextEditor.cs: 5c8b7f17efc1d2b807daad2ff10a892d -> 
  custom:audio-encoder-webm-vorbis: bf7c407c2cedff20999df2af8eb42d56 -> 
  custom:scripting/monoscript/fileName/Constants.cs: 10f9f543dfa933f986e364d1256478d3 -> 
  custom:scripting/monoscript/fileName/LocalizationSettingsEditor.cs: 0a62ff49bc046f066cc4a9dbafb958e3 -> ac806a0ff0f97756d81f4b98267cefa6
  custom:scripting/monoscript/fileName/LocalizedTranslate.cs: 3c415716ea20e1e205287b854664259f -> 
  custom:scripting/monoscript/fileName/DropdownEditor.cs: 6e9e48563c04095f2104a5714007740a -> 7835943c2b1e7ab14674862cb91ce165
========================================================================
Received Prepare
Begin MonoManager ReloadAssembly
Symbol file LoadedFromMemory is not a mono symbol file
- Loaded All Assemblies, in  0.387 seconds
Refreshing native plugins compatible for Editor in 5.12 ms, found 3 plugins.
Native extension for WindowsStandalone target not found
Native extension for WebGL target not found
[Package Manager] Server::EnsureServerProcessIsRunning -- launch failed, reason: Unity was launched with the -noUpm command-line argument
[Package Manager] UpmClient::Send -- Unable to send message (not connected to UPM process).
[Package Manager] Cannot connect to Unity Package Manager local server
Mono: successfully reloaded assembly
- Finished resetting the current domain, in  0.820 seconds
Domain Reload Profiling: 1204ms
	BeginReloadAssembly (139ms)
		ExecutionOrderSort (0ms)
		DisableScriptedObjects (5ms)
		BackupInstance (0ms)
		ReleaseScriptingObjects (0ms)
		CreateAndSetChildDomain (28ms)
	RebuildCommonClasses (24ms)
	RebuildNativeTypeToScriptingClass (8ms)
	initialDomainReloadingComplete (19ms)
	LoadAllAssembliesAndSetupDomain (194ms)
		LoadAssemblies (253ms)
		RebuildTransferFunctionScriptingTraits (0ms)
		AnalyzeDomain (20ms)
			TypeCache.Refresh (7ms)
				TypeCache.ScanAssembly (0ms)
			ScanForSourceGeneratedMonoScriptInfo (8ms)
			ResolveRequiredComponents (4ms)
	FinalizeReload (820ms)
		ReleaseScriptCaches (0ms)
		RebuildScriptCaches (0ms)
		SetupLoadedEditorAssemblies (307ms)
			LogAssemblyErrors (0ms)
			InitializePlatformSupportModulesInManaged (4ms)
			SetLoadedEditorAssemblies (3ms)
			RefreshPlugins (0ms)
			BeforeProcessingInitializeOnLoad (56ms)
			ProcessInitializeOnLoadAttributes (217ms)
			ProcessInitializeOnLoadMethodAttributes (25ms)
			AfterProcessingInitializeOnLoad (2ms)
			EditorAssembliesLoaded (0ms)
		ExecutionOrderSort2 (0ms)
		AwakeInstancesAfterBackupRestoration (7ms)
Refreshing native plugins compatible for Editor in 4.47 ms, found 3 plugins.
Preloading 0 native plugins for Editor in 0.00 ms.
Unloading 4082 Unused Serialized files (Serialized files now loaded: 0)
Unloading 30 unused Assets / (33.7 KB). Loaded Objects now: 4599.
Memory consumption went from 146.7 MB to 146.6 MB.
Total: 2.587800 ms (FindLiveObjects: 0.254000 ms CreateObjectMapping: 0.102700 ms MarkObjects: 2.192900 ms  DeleteObjects: 0.037900 ms)

Prepare: number of updated asset objects reloaded= 0
AssetImportParameters requested are different than current active one (requested -> active):
  custom:scripting/monoscript/fileName/LocalizedText.cs: ee51068fc03172e17cf619f62dc3e505 -> 
  custom:container-demuxer-ogg: 62fdf1f143b41e24485cea50d1cbac27 -> 
  custom:video-decoder-ogg-theora: a1e56fd34408186e4bbccfd4996cb3dc -> 
  custom:scripting/monoscript/fileName/LocalizedDropdown.cs: f08c9c0f6a92fec4669b1163db892f4d -> 
  custom:scripting/monoscript/fileName/UI_mock.cs: 4aa4db56fd87dc8d658eadd9fc84b4fd -> 
  custom:framework-win-MediaFoundation: 216162199b28c13a410421893ffa2e32 -> 
  custom:scripting/monoscript/fileName/Sheet.cs: e187667664b8a27ec9c620550de19e88 -> 
  custom:scripting/monoscript/fileName/Example.cs: a93d79bc3f00d5bf7820d4d3e9240da3 -> 
  custom:scripting/monoscript/fileName/LocalizationSync.cs: 5f285ba6729449720c42e770a842debe -> 
  custom:scripting/monoscript/fileName/LocalizationSettingsWindow.cs: 8291477bed5d2f77e96b86d9b5091465 -> 
  custom:CustomObjectIndexerAttribute: 9a22284fe3817be447336de3de66b15e -> 
  custom:container-demuxer-webm: 4f35f7cbe854078d1ac9338744f61a02 -> 
  custom:scripting/monoscript/fileName/LocalizationSettings.cs: d7b7261a25b5b651f76c5deae87258a3 -> 0e2576b46b668ab2000f26b363c67059
  custom:scripting/monoscript/fileName/LocalizationSyncEditor.cs: f8fbb965ef5f061b081a8e859ac5127f -> 
  custom:container-muxer-webm: aa71ff27fc2769a1b78a27578f13a17b -> 
  custom:video-decoder-webm-vp8: 9c59270c3fd7afecdb556c50c9e8de78 -> 
  custom:SearchIndexIgnoredProperties: e643bd26f0fe6173181afceb89e7c659 -> 
  custom:AudioImporter_EditorPlatform: d09bf68614088b80899f8185d706f6e7 -> 
  custom:scripting/monoscript/fileName/LocalizationUtils.cs: 3c806992189686b372a811366c70b8d8 -> 
  custom:scripting/monoscript/fileName/LocalizationEditorWindow.cs: a308791364267e38fc29d4d438bc6117 -> 
  custom:scripting/monoscript/fileName/LocalizationEditor.cs: 794274cb5eeecf6cb8112951b2e2a6a5 -> 
  custom:video-encoder-webm-vp8: eb34c28f22e8b96e1ab97ce403110664 -> 
  custom:scripting/monoscript/fileName/TextEditor.cs: 932bce28fdfb33e4807d2516a62ee60c -> 0795927915f8ee9dc27f674f60e96764
  custom:audio-decoder-ogg-vorbis: bf7c407c2cedff20999df2af8eb42d56 -> 
  custom:scripting/monoscript/fileName/LocalizationManager.cs: a1cd2111031acb872dc045880c180122 -> 
  custom:scripting/monoscript/fileName/LocalizedTextEditor.cs: 5c8b7f17efc1d2b807daad2ff10a892d -> 
  custom:audio-encoder-webm-vorbis: bf7c407c2cedff20999df2af8eb42d56 -> 
  custom:scripting/monoscript/fileName/Constants.cs: 10f9f543dfa933f986e364d1256478d3 -> 
  custom:scripting/monoscript/fileName/LocalizationSettingsEditor.cs: 0a62ff49bc046f066cc4a9dbafb958e3 -> ac806a0ff0f97756d81f4b98267cefa6
  custom:scripting/monoscript/fileName/LocalizedTranslate.cs: 3c415716ea20e1e205287b854664259f -> 
  custom:scripting/monoscript/fileName/DropdownEditor.cs: 6e9e48563c04095f2104a5714007740a -> 7835943c2b1e7ab14674862cb91ce165
========================================================================
Received Import Request.
  Time since last request: 219011.144240 seconds.
  path: Assets/TextMesh Pro/Resources/Fonts & Materials/LiberationSans SDF - Drop Shadow.mat
  artifactKey: Guid(e73a58f6e2794ae7b1b7e50b7fb811b0) Importer(815301076,1909f56bfc062723c751e8b465ee728b)
Start importing Assets/TextMesh Pro/Resources/Fonts & Materials/LiberationSans SDF - Drop Shadow.mat using Guid(e73a58f6e2794ae7b1b7e50b7fb811b0) Importer(815301076,1909f56bfc062723c751e8b465ee728b)  -> (artifact id: '69d800e0d4f9e97457e8e1610fe363a4') in 0.111550 seconds
Number of updated asset objects reloaded before import = 0
Number of asset objects unloaded after import = 2
========================================================================
Received Import Request.
  Time since last request: 0.000013 seconds.
  path: Assets/Fonts/Poppins-Light SDF.asset
  artifactKey: Guid(e877b090970d8434c867f139f97aeabf) Importer(815301076,1909f56bfc062723c751e8b465ee728b)
Start importing Assets/Fonts/Poppins-Light SDF.asset using Guid(e877b090970d8434c867f139f97aeabf) Importer(815301076,1909f56bfc062723c751e8b465ee728b)  -> (artifact id: '8f9a679a247f38704e0b693625efa8ed') in 0.035198 seconds
Number of updated asset objects reloaded before import = 0
Number of asset objects unloaded after import = 6
========================================================================
Received Prepare
Begin MonoManager ReloadAssembly
Symbol file LoadedFromMemory is not a mono symbol file
- Loaded All Assemblies, in  0.381 seconds
Refreshing native plugins compatible for Editor in 4.51 ms, found 3 plugins.
Native extension for WindowsStandalone target not found
Native extension for WebGL target not found
[Package Manager] Server::EnsureServerProcessIsRunning -- launch failed, reason: Unity was launched with the -noUpm command-line argument
[Package Manager] UpmClient::Send -- Unable to send message (not connected to UPM process).
[Package Manager] Cannot connect to Unity Package Manager local server
Mono: successfully reloaded assembly
- Finished resetting the current domain, in  0.805 seconds
Domain Reload Profiling: 1185ms
	BeginReloadAssembly (140ms)
		ExecutionOrderSort (0ms)
		DisableScriptedObjects (4ms)
		BackupInstance (0ms)
		ReleaseScriptingObjects (0ms)
		CreateAndSetChildDomain (28ms)
	RebuildCommonClasses (22ms)
	RebuildNativeTypeToScriptingClass (8ms)
	initialDomainReloadingComplete (19ms)
	LoadAllAssembliesAndSetupDomain (191ms)
		LoadAssemblies (251ms)
		RebuildTransferFunctionScriptingTraits (0ms)
		AnalyzeDomain (20ms)
			TypeCache.Refresh (7ms)
				TypeCache.ScanAssembly (0ms)
			ScanForSourceGeneratedMonoScriptInfo (8ms)
			ResolveRequiredComponents (4ms)
	FinalizeReload (806ms)
		ReleaseScriptCaches (0ms)
		RebuildScriptCaches (0ms)
		SetupLoadedEditorAssemblies (302ms)
			LogAssemblyErrors (0ms)
			InitializePlatformSupportModulesInManaged (4ms)
			SetLoadedEditorAssemblies (3ms)
			RefreshPlugins (0ms)
			BeforeProcessingInitializeOnLoad (55ms)
			ProcessInitializeOnLoadAttributes (214ms)
			ProcessInitializeOnLoadMethodAttributes (25ms)
			AfterProcessingInitializeOnLoad (2ms)
			EditorAssembliesLoaded (0ms)
		ExecutionOrderSort2 (0ms)
		AwakeInstancesAfterBackupRestoration (7ms)
Refreshing native plugins compatible for Editor in 4.86 ms, found 3 plugins.
Preloading 0 native plugins for Editor in 0.00 ms.
Unloading 4081 Unused Serialized files (Serialized files now loaded: 0)
Unloading 30 unused Assets / (33.7 KB). Loaded Objects now: 4645.
Memory consumption went from 146.8 MB to 146.8 MB.
Total: 2.539800 ms (FindLiveObjects: 0.259100 ms CreateObjectMapping: 0.103100 ms MarkObjects: 2.138800 ms  DeleteObjects: 0.038400 ms)

Prepare: number of updated asset objects reloaded= 0
AssetImportParameters requested are different than current active one (requested -> active):
  custom:scripting/monoscript/fileName/LocalizedText.cs: ee51068fc03172e17cf619f62dc3e505 -> 
  custom:container-demuxer-ogg: 62fdf1f143b41e24485cea50d1cbac27 -> 
  custom:video-decoder-ogg-theora: a1e56fd34408186e4bbccfd4996cb3dc -> 
  custom:scripting/monoscript/fileName/LocalizedDropdown.cs: f08c9c0f6a92fec4669b1163db892f4d -> 
  custom:scripting/monoscript/fileName/UI_mock.cs: 4aa4db56fd87dc8d658eadd9fc84b4fd -> 
  custom:framework-win-MediaFoundation: 216162199b28c13a410421893ffa2e32 -> 
  custom:scripting/monoscript/fileName/Sheet.cs: e187667664b8a27ec9c620550de19e88 -> 
  custom:scripting/monoscript/fileName/Example.cs: a93d79bc3f00d5bf7820d4d3e9240da3 -> 
  custom:scripting/monoscript/fileName/LocalizationSync.cs: 5f285ba6729449720c42e770a842debe -> 
  custom:scripting/monoscript/fileName/LocalizationSettingsWindow.cs: 8291477bed5d2f77e96b86d9b5091465 -> 
  custom:CustomObjectIndexerAttribute: 9a22284fe3817be447336de3de66b15e -> 
  custom:container-demuxer-webm: 4f35f7cbe854078d1ac9338744f61a02 -> 
  custom:scripting/monoscript/fileName/LocalizationSettings.cs: d7b7261a25b5b651f76c5deae87258a3 -> 0e2576b46b668ab2000f26b363c67059
  custom:scripting/monoscript/fileName/LocalizationSyncEditor.cs: f8fbb965ef5f061b081a8e859ac5127f -> 
  custom:container-muxer-webm: aa71ff27fc2769a1b78a27578f13a17b -> 
  custom:video-decoder-webm-vp8: 9c59270c3fd7afecdb556c50c9e8de78 -> 
  custom:SearchIndexIgnoredProperties: e643bd26f0fe6173181afceb89e7c659 -> 
  custom:AudioImporter_EditorPlatform: d09bf68614088b80899f8185d706f6e7 -> 
  custom:scripting/monoscript/fileName/LocalizationUtils.cs: 3c806992189686b372a811366c70b8d8 -> 
  custom:scripting/monoscript/fileName/LocalizationEditorWindow.cs: a308791364267e38fc29d4d438bc6117 -> 
  custom:scripting/monoscript/fileName/LocalizationEditor.cs: 794274cb5eeecf6cb8112951b2e2a6a5 -> 
  custom:video-encoder-webm-vp8: eb34c28f22e8b96e1ab97ce403110664 -> 
  custom:scripting/monoscript/fileName/TextEditor.cs: 932bce28fdfb33e4807d2516a62ee60c -> 0795927915f8ee9dc27f674f60e96764
  custom:audio-decoder-ogg-vorbis: bf7c407c2cedff20999df2af8eb42d56 -> 
  custom:scripting/monoscript/fileName/LocalizationManager.cs: a1cd2111031acb872dc045880c180122 -> 
  custom:scripting/monoscript/fileName/LocalizedTextEditor.cs: 5c8b7f17efc1d2b807daad2ff10a892d -> 
  custom:audio-encoder-webm-vorbis: bf7c407c2cedff20999df2af8eb42d56 -> 
  custom:scripting/monoscript/fileName/Constants.cs: 10f9f543dfa933f986e364d1256478d3 -> 
  custom:scripting/monoscript/fileName/LocalizationSettingsEditor.cs: 0a62ff49bc046f066cc4a9dbafb958e3 -> ac806a0ff0f97756d81f4b98267cefa6
  custom:scripting/monoscript/fileName/LocalizedTranslate.cs: 3c415716ea20e1e205287b854664259f -> 
  custom:scripting/monoscript/fileName/DropdownEditor.cs: 6e9e48563c04095f2104a5714007740a -> 7835943c2b1e7ab14674862cb91ce165
========================================================================
Received Prepare
Begin MonoManager ReloadAssembly
Symbol file LoadedFromMemory is not a mono symbol file
- Loaded All Assemblies, in  0.370 seconds
Refreshing native plugins compatible for Editor in 4.21 ms, found 3 plugins.
Native extension for WindowsStandalone target not found
Native extension for WebGL target not found
[Package Manager] Server::EnsureServerProcessIsRunning -- launch failed, reason: Unity was launched with the -noUpm command-line argument
[Package Manager] UpmClient::Send -- Unable to send message (not connected to UPM process).
[Package Manager] Cannot connect to Unity Package Manager local server
Mono: successfully reloaded assembly
- Finished resetting the current domain, in  0.825 seconds
Domain Reload Profiling: 1194ms
	BeginReloadAssembly (133ms)
		ExecutionOrderSort (0ms)
		DisableScriptedObjects (5ms)
		BackupInstance (0ms)
		ReleaseScriptingObjects (0ms)
		CreateAndSetChildDomain (28ms)
	RebuildCommonClasses (22ms)
	RebuildNativeTypeToScriptingClass (8ms)
	initialDomainReloadingComplete (19ms)
	LoadAllAssembliesAndSetupDomain (186ms)
		LoadAssemblies (240ms)
		RebuildTransferFunctionScriptingTraits (0ms)
		AnalyzeDomain (20ms)
			TypeCache.Refresh (7ms)
				TypeCache.ScanAssembly (0ms)
			ScanForSourceGeneratedMonoScriptInfo (8ms)
			ResolveRequiredComponents (4ms)
	FinalizeReload (826ms)
		ReleaseScriptCaches (0ms)
		RebuildScriptCaches (0ms)
		SetupLoadedEditorAssemblies (316ms)
			LogAssemblyErrors (0ms)
			InitializePlatformSupportModulesInManaged (4ms)
			SetLoadedEditorAssemblies (3ms)
			RefreshPlugins (0ms)
			BeforeProcessingInitializeOnLoad (56ms)
			ProcessInitializeOnLoadAttributes (224ms)
			ProcessInitializeOnLoadMethodAttributes (26ms)
			AfterProcessingInitializeOnLoad (2ms)
			EditorAssembliesLoaded (0ms)
		ExecutionOrderSort2 (0ms)
		AwakeInstancesAfterBackupRestoration (8ms)
Refreshing native plugins compatible for Editor in 4.26 ms, found 3 plugins.
Preloading 0 native plugins for Editor in 0.00 ms.
Unloading 4082 Unused Serialized files (Serialized files now loaded: 0)
Unloading 30 unused Assets / (33.8 KB). Loaded Objects now: 4648.
Memory consumption went from 147.1 MB to 147.1 MB.
Total: 2.519900 ms (FindLiveObjects: 0.206300 ms CreateObjectMapping: 0.083300 ms MarkObjects: 2.183100 ms  DeleteObjects: 0.046800 ms)

Prepare: number of updated asset objects reloaded= 0
AssetImportParameters requested are different than current active one (requested -> active):
  custom:scripting/monoscript/fileName/LocalizedText.cs: ee51068fc03172e17cf619f62dc3e505 -> 
  custom:container-demuxer-ogg: 62fdf1f143b41e24485cea50d1cbac27 -> 
  custom:video-decoder-ogg-theora: a1e56fd34408186e4bbccfd4996cb3dc -> 
  custom:scripting/monoscript/fileName/LocalizedDropdown.cs: f08c9c0f6a92fec4669b1163db892f4d -> 
  custom:scripting/monoscript/fileName/UI_mock.cs: 4aa4db56fd87dc8d658eadd9fc84b4fd -> 
  custom:framework-win-MediaFoundation: 216162199b28c13a410421893ffa2e32 -> 
  custom:scripting/monoscript/fileName/Sheet.cs: e187667664b8a27ec9c620550de19e88 -> 
  custom:scripting/monoscript/fileName/Example.cs: a93d79bc3f00d5bf7820d4d3e9240da3 -> 
  custom:scripting/monoscript/fileName/LocalizationSync.cs: 5f285ba6729449720c42e770a842debe -> 
  custom:scripting/monoscript/fileName/LocalizationSettingsWindow.cs: 8291477bed5d2f77e96b86d9b5091465 -> 
  custom:CustomObjectIndexerAttribute: 9a22284fe3817be447336de3de66b15e -> 
  custom:container-demuxer-webm: 4f35f7cbe854078d1ac9338744f61a02 -> 
  custom:scripting/monoscript/fileName/LocalizationSettings.cs: d7b7261a25b5b651f76c5deae87258a3 -> 0e2576b46b668ab2000f26b363c67059
  custom:scripting/monoscript/fileName/LocalizationSyncEditor.cs: f8fbb965ef5f061b081a8e859ac5127f -> 
  custom:container-muxer-webm: aa71ff27fc2769a1b78a27578f13a17b -> 
  custom:video-decoder-webm-vp8: 9c59270c3fd7afecdb556c50c9e8de78 -> 
  custom:SearchIndexIgnoredProperties: e643bd26f0fe6173181afceb89e7c659 -> 
  custom:AudioImporter_EditorPlatform: d09bf68614088b80899f8185d706f6e7 -> 
  custom:scripting/monoscript/fileName/LocalizationUtils.cs: 3c806992189686b372a811366c70b8d8 -> 
  custom:scripting/monoscript/fileName/LocalizationEditorWindow.cs: a308791364267e38fc29d4d438bc6117 -> 
  custom:scripting/monoscript/fileName/LocalizationEditor.cs: 794274cb5eeecf6cb8112951b2e2a6a5 -> 
  custom:video-encoder-webm-vp8: eb34c28f22e8b96e1ab97ce403110664 -> 
  custom:scripting/monoscript/fileName/TextEditor.cs: 932bce28fdfb33e4807d2516a62ee60c -> 0795927915f8ee9dc27f674f60e96764
  custom:audio-decoder-ogg-vorbis: bf7c407c2cedff20999df2af8eb42d56 -> 
  custom:scripting/monoscript/fileName/LocalizationManager.cs: a1cd2111031acb872dc045880c180122 -> 
  custom:scripting/monoscript/fileName/LocalizedTextEditor.cs: 5c8b7f17efc1d2b807daad2ff10a892d -> 
  custom:audio-encoder-webm-vorbis: bf7c407c2cedff20999df2af8eb42d56 -> 
  custom:scripting/monoscript/fileName/Constants.cs: 10f9f543dfa933f986e364d1256478d3 -> 
  custom:scripting/monoscript/fileName/LocalizationSettingsEditor.cs: 0a62ff49bc046f066cc4a9dbafb958e3 -> ac806a0ff0f97756d81f4b98267cefa6
  custom:scripting/monoscript/fileName/LocalizedTranslate.cs: 3c415716ea20e1e205287b854664259f -> 
  custom:scripting/monoscript/fileName/DropdownEditor.cs: 6e9e48563c04095f2104a5714007740a -> 7835943c2b1e7ab14674862cb91ce165
========================================================================
Received Prepare
Begin MonoManager ReloadAssembly
Symbol file LoadedFromMemory is not a mono symbol file
- Loaded All Assemblies, in  0.372 seconds
Refreshing native plugins compatible for Editor in 4.33 ms, found 3 plugins.
Native extension for WindowsStandalone target not found
Native extension for WebGL target not found
[Package Manager] Server::EnsureServerProcessIsRunning -- launch failed, reason: Unity was launched with the -noUpm command-line argument
[Package Manager] UpmClient::Send -- Unable to send message (not connected to UPM process).
[Package Manager] Cannot connect to Unity Package Manager local server
Mono: successfully reloaded assembly
- Finished resetting the current domain, in  0.803 seconds
Domain Reload Profiling: 1174ms
	BeginReloadAssembly (133ms)
		ExecutionOrderSort (0ms)
		DisableScriptedObjects (4ms)
		BackupInstance (0ms)
		ReleaseScriptingObjects (0ms)
		CreateAndSetChildDomain (27ms)
	RebuildCommonClasses (22ms)
	RebuildNativeTypeToScriptingClass (8ms)
	initialDomainReloadingComplete (19ms)
	LoadAllAssembliesAndSetupDomain (189ms)
		LoadAssemblies (242ms)
		RebuildTransferFunctionScriptingTraits (0ms)
		AnalyzeDomain (20ms)
			TypeCache.Refresh (7ms)
				TypeCache.ScanAssembly (0ms)
			ScanForSourceGeneratedMonoScriptInfo (8ms)
			ResolveRequiredComponents (4ms)
	FinalizeReload (804ms)
		ReleaseScriptCaches (0ms)
		RebuildScriptCaches (0ms)
		SetupLoadedEditorAssemblies (302ms)
			LogAssemblyErrors (0ms)
			InitializePlatformSupportModulesInManaged (4ms)
			SetLoadedEditorAssemblies (3ms)
			RefreshPlugins (0ms)
			BeforeProcessingInitializeOnLoad (56ms)
			ProcessInitializeOnLoadAttributes (212ms)
			ProcessInitializeOnLoadMethodAttributes (24ms)
			AfterProcessingInitializeOnLoad (2ms)
			EditorAssembliesLoaded (0ms)
		ExecutionOrderSort2 (0ms)
		AwakeInstancesAfterBackupRestoration (7ms)
Refreshing native plugins compatible for Editor in 3.98 ms, found 3 plugins.
Preloading 0 native plugins for Editor in 0.00 ms.
Unloading 4082 Unused Serialized files (Serialized files now loaded: 0)
Unloading 30 unused Assets / (33.7 KB). Loaded Objects now: 4651.
Memory consumption went from 147.1 MB to 147.1 MB.
Total: 2.849500 ms (FindLiveObjects: 0.257600 ms CreateObjectMapping: 0.108700 ms MarkObjects: 2.444600 ms  DeleteObjects: 0.037600 ms)

Prepare: number of updated asset objects reloaded= 0
AssetImportParameters requested are different than current active one (requested -> active):
  custom:scripting/monoscript/fileName/LocalizedText.cs: ee51068fc03172e17cf619f62dc3e505 -> 
  custom:container-demuxer-ogg: 62fdf1f143b41e24485cea50d1cbac27 -> 
  custom:video-decoder-ogg-theora: a1e56fd34408186e4bbccfd4996cb3dc -> 
  custom:scripting/monoscript/fileName/LocalizedDropdown.cs: f08c9c0f6a92fec4669b1163db892f4d -> 
  custom:scripting/monoscript/fileName/UI_mock.cs: 4aa4db56fd87dc8d658eadd9fc84b4fd -> 
  custom:framework-win-MediaFoundation: 216162199b28c13a410421893ffa2e32 -> 
  custom:scripting/monoscript/fileName/Sheet.cs: e187667664b8a27ec9c620550de19e88 -> 
  custom:scripting/monoscript/fileName/Example.cs: a93d79bc3f00d5bf7820d4d3e9240da3 -> 
  custom:scripting/monoscript/fileName/LocalizationSync.cs: 5f285ba6729449720c42e770a842debe -> 
  custom:scripting/monoscript/fileName/LocalizationSettingsWindow.cs: 8291477bed5d2f77e96b86d9b5091465 -> 
  custom:CustomObjectIndexerAttribute: 9a22284fe3817be447336de3de66b15e -> 
  custom:container-demuxer-webm: 4f35f7cbe854078d1ac9338744f61a02 -> 
  custom:scripting/monoscript/fileName/LocalizationSettings.cs: d7b7261a25b5b651f76c5deae87258a3 -> 0e2576b46b668ab2000f26b363c67059
  custom:scripting/monoscript/fileName/LocalizationSyncEditor.cs: f8fbb965ef5f061b081a8e859ac5127f -> 
  custom:container-muxer-webm: aa71ff27fc2769a1b78a27578f13a17b -> 
  custom:video-decoder-webm-vp8: 9c59270c3fd7afecdb556c50c9e8de78 -> 
  custom:SearchIndexIgnoredProperties: e643bd26f0fe6173181afceb89e7c659 -> 
  custom:AudioImporter_EditorPlatform: d09bf68614088b80899f8185d706f6e7 -> 
  custom:scripting/monoscript/fileName/LocalizationUtils.cs: 3c806992189686b372a811366c70b8d8 -> 
  custom:scripting/monoscript/fileName/LocalizationEditorWindow.cs: a308791364267e38fc29d4d438bc6117 -> 
  custom:scripting/monoscript/fileName/LocalizationEditor.cs: 794274cb5eeecf6cb8112951b2e2a6a5 -> 
  custom:video-encoder-webm-vp8: eb34c28f22e8b96e1ab97ce403110664 -> 
  custom:scripting/monoscript/fileName/TextEditor.cs: 932bce28fdfb33e4807d2516a62ee60c -> 0795927915f8ee9dc27f674f60e96764
  custom:audio-decoder-ogg-vorbis: bf7c407c2cedff20999df2af8eb42d56 -> 
  custom:scripting/monoscript/fileName/LocalizationManager.cs: a1cd2111031acb872dc045880c180122 -> 
  custom:scripting/monoscript/fileName/LocalizedTextEditor.cs: 5c8b7f17efc1d2b807daad2ff10a892d -> 
  custom:audio-encoder-webm-vorbis: bf7c407c2cedff20999df2af8eb42d56 -> 
  custom:scripting/monoscript/fileName/Constants.cs: 10f9f543dfa933f986e364d1256478d3 -> 
  custom:scripting/monoscript/fileName/LocalizationSettingsEditor.cs: 0a62ff49bc046f066cc4a9dbafb958e3 -> ac806a0ff0f97756d81f4b98267cefa6
  custom:scripting/monoscript/fileName/LocalizedTranslate.cs: 3c415716ea20e1e205287b854664259f -> 
  custom:scripting/monoscript/fileName/DropdownEditor.cs: 6e9e48563c04095f2104a5714007740a -> 7835943c2b1e7ab14674862cb91ce165
========================================================================
Received Prepare
Begin MonoManager ReloadAssembly
Symbol file LoadedFromMemory is not a mono symbol file
- Loaded All Assemblies, in  0.372 seconds
Refreshing native plugins compatible for Editor in 4.95 ms, found 3 plugins.
Native extension for WindowsStandalone target not found
Native extension for WebGL target not found
[Package Manager] Server::EnsureServerProcessIsRunning -- launch failed, reason: Unity was launched with the -noUpm command-line argument
[Package Manager] UpmClient::Send -- Unable to send message (not connected to UPM process).
[Package Manager] Cannot connect to Unity Package Manager local server
Mono: successfully reloaded assembly
- Finished resetting the current domain, in  0.812 seconds
Domain Reload Profiling: 1183ms
	BeginReloadAssembly (135ms)
		ExecutionOrderSort (0ms)
		DisableScriptedObjects (5ms)
		BackupInstance (0ms)
		ReleaseScriptingObjects (0ms)
		CreateAndSetChildDomain (27ms)
	RebuildCommonClasses (23ms)
	RebuildNativeTypeToScriptingClass (8ms)
	initialDomainReloadingComplete (19ms)
	LoadAllAssembliesAndSetupDomain (187ms)
		LoadAssemblies (241ms)
		RebuildTransferFunctionScriptingTraits (0ms)
		AnalyzeDomain (20ms)
			TypeCache.Refresh (7ms)
				TypeCache.ScanAssembly (0ms)
			ScanForSourceGeneratedMonoScriptInfo (8ms)
			ResolveRequiredComponents (4ms)
	FinalizeReload (813ms)
		ReleaseScriptCaches (0ms)
		RebuildScriptCaches (0ms)
		SetupLoadedEditorAssemblies (303ms)
			LogAssemblyErrors (0ms)
			InitializePlatformSupportModulesInManaged (4ms)
			SetLoadedEditorAssemblies (3ms)
			RefreshPlugins (0ms)
			BeforeProcessingInitializeOnLoad (54ms)
			ProcessInitializeOnLoadAttributes (214ms)
			ProcessInitializeOnLoadMethodAttributes (26ms)
			AfterProcessingInitializeOnLoad (2ms)
			EditorAssembliesLoaded (0ms)
		ExecutionOrderSort2 (0ms)
		AwakeInstancesAfterBackupRestoration (7ms)
Refreshing native plugins compatible for Editor in 4.59 ms, found 3 plugins.
Preloading 0 native plugins for Editor in 0.00 ms.
Unloading 4082 Unused Serialized files (Serialized files now loaded: 0)
Unloading 30 unused Assets / (33.6 KB). Loaded Objects now: 4654.
Memory consumption went from 147.1 MB to 147.1 MB.
Total: 2.526300 ms (FindLiveObjects: 0.264600 ms CreateObjectMapping: 0.110800 ms MarkObjects: 2.113600 ms  DeleteObjects: 0.036400 ms)

Prepare: number of updated asset objects reloaded= 0
AssetImportParameters requested are different than current active one (requested -> active):
  custom:scripting/monoscript/fileName/LocalizedText.cs: ee51068fc03172e17cf619f62dc3e505 -> 
  custom:container-demuxer-ogg: 62fdf1f143b41e24485cea50d1cbac27 -> 
  custom:video-decoder-ogg-theora: a1e56fd34408186e4bbccfd4996cb3dc -> 
  custom:scripting/monoscript/fileName/LocalizedDropdown.cs: f08c9c0f6a92fec4669b1163db892f4d -> 
  custom:scripting/monoscript/fileName/UI_mock.cs: 4aa4db56fd87dc8d658eadd9fc84b4fd -> 
  custom:framework-win-MediaFoundation: 216162199b28c13a410421893ffa2e32 -> 
  custom:scripting/monoscript/fileName/Sheet.cs: e187667664b8a27ec9c620550de19e88 -> 
  custom:scripting/monoscript/fileName/Example.cs: a93d79bc3f00d5bf7820d4d3e9240da3 -> 
  custom:scripting/monoscript/fileName/LocalizationSync.cs: 5f285ba6729449720c42e770a842debe -> 
  custom:scripting/monoscript/fileName/LocalizationSettingsWindow.cs: 8291477bed5d2f77e96b86d9b5091465 -> 
  custom:CustomObjectIndexerAttribute: 9a22284fe3817be447336de3de66b15e -> 
  custom:container-demuxer-webm: 4f35f7cbe854078d1ac9338744f61a02 -> 
  custom:scripting/monoscript/fileName/LocalizationSettings.cs: d7b7261a25b5b651f76c5deae87258a3 -> 0e2576b46b668ab2000f26b363c67059
  custom:scripting/monoscript/fileName/LocalizationSyncEditor.cs: f8fbb965ef5f061b081a8e859ac5127f -> 
  custom:container-muxer-webm: aa71ff27fc2769a1b78a27578f13a17b -> 
  custom:video-decoder-webm-vp8: 9c59270c3fd7afecdb556c50c9e8de78 -> 
  custom:SearchIndexIgnoredProperties: e643bd26f0fe6173181afceb89e7c659 -> 
  custom:AudioImporter_EditorPlatform: d09bf68614088b80899f8185d706f6e7 -> 
  custom:scripting/monoscript/fileName/LocalizationUtils.cs: 3c806992189686b372a811366c70b8d8 -> 
  custom:scripting/monoscript/fileName/LocalizationEditorWindow.cs: a308791364267e38fc29d4d438bc6117 -> 
  custom:scripting/monoscript/fileName/LocalizationEditor.cs: 794274cb5eeecf6cb8112951b2e2a6a5 -> 
  custom:video-encoder-webm-vp8: eb34c28f22e8b96e1ab97ce403110664 -> 
  custom:scripting/monoscript/fileName/TextEditor.cs: 932bce28fdfb33e4807d2516a62ee60c -> 0795927915f8ee9dc27f674f60e96764
  custom:audio-decoder-ogg-vorbis: bf7c407c2cedff20999df2af8eb42d56 -> 
  custom:scripting/monoscript/fileName/LocalizationManager.cs: a1cd2111031acb872dc045880c180122 -> 
  custom:scripting/monoscript/fileName/LocalizedTextEditor.cs: 5c8b7f17efc1d2b807daad2ff10a892d -> 
  custom:audio-encoder-webm-vorbis: bf7c407c2cedff20999df2af8eb42d56 -> 
  custom:scripting/monoscript/fileName/Constants.cs: 10f9f543dfa933f986e364d1256478d3 -> 
  custom:scripting/monoscript/fileName/LocalizationSettingsEditor.cs: 0a62ff49bc046f066cc4a9dbafb958e3 -> ac806a0ff0f97756d81f4b98267cefa6
  custom:scripting/monoscript/fileName/LocalizedTranslate.cs: 3c415716ea20e1e205287b854664259f -> 
  custom:scripting/monoscript/fileName/DropdownEditor.cs: 6e9e48563c04095f2104a5714007740a -> 7835943c2b1e7ab14674862cb91ce165
========================================================================
Received Prepare
Begin MonoManager ReloadAssembly
Symbol file LoadedFromMemory is not a mono symbol file
- Loaded All Assemblies, in  0.412 seconds
Refreshing native plugins compatible for Editor in 4.89 ms, found 3 plugins.
Native extension for WindowsStandalone target not found
Native extension for WebGL target not found
[Package Manager] Server::EnsureServerProcessIsRunning -- launch failed, reason: Unity was launched with the -noUpm command-line argument
[Package Manager] UpmClient::Send -- Unable to send message (not connected to UPM process).
[Package Manager] Cannot connect to Unity Package Manager local server
Mono: successfully reloaded assembly
- Finished resetting the current domain, in  0.814 seconds
Domain Reload Profiling: 1224ms
	BeginReloadAssembly (142ms)
		ExecutionOrderSort (0ms)
		DisableScriptedObjects (5ms)
		BackupInstance (0ms)
		ReleaseScriptingObjects (0ms)
		CreateAndSetChildDomain (28ms)
	RebuildCommonClasses (34ms)
	RebuildNativeTypeToScriptingClass (10ms)
	initialDomainReloadingComplete (28ms)
	LoadAllAssembliesAndSetupDomain (195ms)
		LoadAssemblies (258ms)
		RebuildTransferFunctionScriptingTraits (0ms)
		AnalyzeDomain (19ms)
			TypeCache.Refresh (7ms)
				TypeCache.ScanAssembly (0ms)
			ScanForSourceGeneratedMonoScriptInfo (8ms)
			ResolveRequiredComponents (4ms)
	FinalizeReload (814ms)
		ReleaseScriptCaches (0ms)
		RebuildScriptCaches (0ms)
		SetupLoadedEditorAssemblies (306ms)
			LogAssemblyErrors (0ms)
			InitializePlatformSupportModulesInManaged (4ms)
			SetLoadedEditorAssemblies (3ms)
			RefreshPlugins (0ms)
			BeforeProcessingInitializeOnLoad (54ms)
			ProcessInitializeOnLoadAttributes (216ms)
			ProcessInitializeOnLoadMethodAttributes (27ms)
			AfterProcessingInitializeOnLoad (2ms)
			EditorAssembliesLoaded (0ms)
		ExecutionOrderSort2 (0ms)
		AwakeInstancesAfterBackupRestoration (7ms)
Refreshing native plugins compatible for Editor in 4.13 ms, found 3 plugins.
Preloading 0 native plugins for Editor in 0.00 ms.
Unloading 4082 Unused Serialized files (Serialized files now loaded: 0)
Unloading 30 unused Assets / (33.8 KB). Loaded Objects now: 4657.
Memory consumption went from 147.1 MB to 147.1 MB.
Total: 2.642400 ms (FindLiveObjects: 0.240200 ms CreateObjectMapping: 0.100800 ms MarkObjects: 2.259500 ms  DeleteObjects: 0.041200 ms)

Prepare: number of updated asset objects reloaded= 0
AssetImportParameters requested are different than current active one (requested -> active):
  custom:scripting/monoscript/fileName/LocalizedText.cs: ee51068fc03172e17cf619f62dc3e505 -> 
  custom:container-demuxer-ogg: 62fdf1f143b41e24485cea50d1cbac27 -> 
  custom:video-decoder-ogg-theora: a1e56fd34408186e4bbccfd4996cb3dc -> 
  custom:scripting/monoscript/fileName/LocalizedDropdown.cs: f08c9c0f6a92fec4669b1163db892f4d -> 
  custom:scripting/monoscript/fileName/UI_mock.cs: 4aa4db56fd87dc8d658eadd9fc84b4fd -> 
  custom:framework-win-MediaFoundation: 216162199b28c13a410421893ffa2e32 -> 
  custom:scripting/monoscript/fileName/Sheet.cs: e187667664b8a27ec9c620550de19e88 -> 
  custom:scripting/monoscript/fileName/Example.cs: a93d79bc3f00d5bf7820d4d3e9240da3 -> 
  custom:scripting/monoscript/fileName/LocalizationSync.cs: 5f285ba6729449720c42e770a842debe -> 
  custom:scripting/monoscript/fileName/LocalizationSettingsWindow.cs: 8291477bed5d2f77e96b86d9b5091465 -> 
  custom:CustomObjectIndexerAttribute: 9a22284fe3817be447336de3de66b15e -> 
  custom:container-demuxer-webm: 4f35f7cbe854078d1ac9338744f61a02 -> 
  custom:scripting/monoscript/fileName/LocalizationSettings.cs: d7b7261a25b5b651f76c5deae87258a3 -> 0e2576b46b668ab2000f26b363c67059
  custom:scripting/monoscript/fileName/LocalizationSyncEditor.cs: f8fbb965ef5f061b081a8e859ac5127f -> 
  custom:container-muxer-webm: aa71ff27fc2769a1b78a27578f13a17b -> 
  custom:video-decoder-webm-vp8: 9c59270c3fd7afecdb556c50c9e8de78 -> 
  custom:SearchIndexIgnoredProperties: e643bd26f0fe6173181afceb89e7c659 -> 
  custom:AudioImporter_EditorPlatform: d09bf68614088b80899f8185d706f6e7 -> 
  custom:scripting/monoscript/fileName/LocalizationUtils.cs: 3c806992189686b372a811366c70b8d8 -> 
  custom:scripting/monoscript/fileName/LocalizationEditorWindow.cs: a308791364267e38fc29d4d438bc6117 -> 
  custom:scripting/monoscript/fileName/LocalizationEditor.cs: 794274cb5eeecf6cb8112951b2e2a6a5 -> 
  custom:video-encoder-webm-vp8: eb34c28f22e8b96e1ab97ce403110664 -> 
  custom:scripting/monoscript/fileName/TextEditor.cs: 932bce28fdfb33e4807d2516a62ee60c -> 0795927915f8ee9dc27f674f60e96764
  custom:audio-decoder-ogg-vorbis: bf7c407c2cedff20999df2af8eb42d56 -> 
  custom:scripting/monoscript/fileName/LocalizationManager.cs: a1cd2111031acb872dc045880c180122 -> 
  custom:scripting/monoscript/fileName/LocalizedTextEditor.cs: 5c8b7f17efc1d2b807daad2ff10a892d -> 
  custom:audio-encoder-webm-vorbis: bf7c407c2cedff20999df2af8eb42d56 -> 
  custom:scripting/monoscript/fileName/Constants.cs: 10f9f543dfa933f986e364d1256478d3 -> 
  custom:scripting/monoscript/fileName/LocalizationSettingsEditor.cs: 0a62ff49bc046f066cc4a9dbafb958e3 -> ac806a0ff0f97756d81f4b98267cefa6
  custom:scripting/monoscript/fileName/LocalizedTranslate.cs: 3c415716ea20e1e205287b854664259f -> 
  custom:scripting/monoscript/fileName/DropdownEditor.cs: 6e9e48563c04095f2104a5714007740a -> 7835943c2b1e7ab14674862cb91ce165
========================================================================
Received Prepare
Begin MonoManager ReloadAssembly
Symbol file LoadedFromMemory is not a mono symbol file
- Loaded All Assemblies, in  0.369 seconds
Refreshing native plugins compatible for Editor in 4.19 ms, found 3 plugins.
Native extension for WindowsStandalone target not found
Native extension for WebGL target not found
[Package Manager] Server::EnsureServerProcessIsRunning -- launch failed, reason: Unity was launched with the -noUpm command-line argument
[Package Manager] UpmClient::Send -- Unable to send message (not connected to UPM process).
[Package Manager] Cannot connect to Unity Package Manager local server
Mono: successfully reloaded assembly
- Finished resetting the current domain, in  0.811 seconds
Domain Reload Profiling: 1179ms
	BeginReloadAssembly (132ms)
		ExecutionOrderSort (0ms)
		DisableScriptedObjects (5ms)
		BackupInstance (0ms)
		ReleaseScriptingObjects (0ms)
		CreateAndSetChildDomain (27ms)
	RebuildCommonClasses (22ms)
	RebuildNativeTypeToScriptingClass (8ms)
	initialDomainReloadingComplete (19ms)
	LoadAllAssembliesAndSetupDomain (187ms)
		LoadAssemblies (240ms)
		RebuildTransferFunctionScriptingTraits (0ms)
		AnalyzeDomain (20ms)
			TypeCache.Refresh (7ms)
				TypeCache.ScanAssembly (0ms)
			ScanForSourceGeneratedMonoScriptInfo (8ms)
			ResolveRequiredComponents (4ms)
	FinalizeReload (811ms)
		ReleaseScriptCaches (0ms)
		RebuildScriptCaches (0ms)
		SetupLoadedEditorAssemblies (302ms)
			LogAssemblyErrors (0ms)
			InitializePlatformSupportModulesInManaged (4ms)
			SetLoadedEditorAssemblies (3ms)
			RefreshPlugins (0ms)
			BeforeProcessingInitializeOnLoad (55ms)
			ProcessInitializeOnLoadAttributes (213ms)
			ProcessInitializeOnLoadMethodAttributes (25ms)
			AfterProcessingInitializeOnLoad (2ms)
			EditorAssembliesLoaded (0ms)
		ExecutionOrderSort2 (0ms)
		AwakeInstancesAfterBackupRestoration (7ms)
Refreshing native plugins compatible for Editor in 4.01 ms, found 3 plugins.
Preloading 0 native plugins for Editor in 0.00 ms.
Unloading 4082 Unused Serialized files (Serialized files now loaded: 0)
Unloading 30 unused Assets / (33.7 KB). Loaded Objects now: 4660.
Memory consumption went from 147.1 MB to 147.1 MB.
Total: 2.444700 ms (FindLiveObjects: 0.243000 ms CreateObjectMapping: 0.086800 ms MarkObjects: 2.077900 ms  DeleteObjects: 0.036500 ms)

Prepare: number of updated asset objects reloaded= 0
AssetImportParameters requested are different than current active one (requested -> active):
  custom:scripting/monoscript/fileName/LocalizedText.cs: ee51068fc03172e17cf619f62dc3e505 -> 
  custom:container-demuxer-ogg: 62fdf1f143b41e24485cea50d1cbac27 -> 
  custom:video-decoder-ogg-theora: a1e56fd34408186e4bbccfd4996cb3dc -> 
  custom:scripting/monoscript/fileName/LocalizedDropdown.cs: f08c9c0f6a92fec4669b1163db892f4d -> 
  custom:scripting/monoscript/fileName/UI_mock.cs: 4aa4db56fd87dc8d658eadd9fc84b4fd -> 
  custom:framework-win-MediaFoundation: 216162199b28c13a410421893ffa2e32 -> 
  custom:scripting/monoscript/fileName/Sheet.cs: e187667664b8a27ec9c620550de19e88 -> 
  custom:scripting/monoscript/fileName/Example.cs: a93d79bc3f00d5bf7820d4d3e9240da3 -> 
  custom:scripting/monoscript/fileName/LocalizationSync.cs: 5f285ba6729449720c42e770a842debe -> 
  custom:scripting/monoscript/fileName/LocalizationSettingsWindow.cs: 8291477bed5d2f77e96b86d9b5091465 -> 
  custom:CustomObjectIndexerAttribute: 9a22284fe3817be447336de3de66b15e -> 
  custom:container-demuxer-webm: 4f35f7cbe854078d1ac9338744f61a02 -> 
  custom:scripting/monoscript/fileName/LocalizationSettings.cs: d7b7261a25b5b651f76c5deae87258a3 -> 0e2576b46b668ab2000f26b363c67059
  custom:scripting/monoscript/fileName/LocalizationSyncEditor.cs: f8fbb965ef5f061b081a8e859ac5127f -> 
  custom:container-muxer-webm: aa71ff27fc2769a1b78a27578f13a17b -> 
  custom:video-decoder-webm-vp8: 9c59270c3fd7afecdb556c50c9e8de78 -> 
  custom:SearchIndexIgnoredProperties: e643bd26f0fe6173181afceb89e7c659 -> 
  custom:AudioImporter_EditorPlatform: d09bf68614088b80899f8185d706f6e7 -> 
  custom:scripting/monoscript/fileName/LocalizationUtils.cs: 3c806992189686b372a811366c70b8d8 -> 
  custom:scripting/monoscript/fileName/LocalizationEditorWindow.cs: a308791364267e38fc29d4d438bc6117 -> 
  custom:scripting/monoscript/fileName/LocalizationEditor.cs: 794274cb5eeecf6cb8112951b2e2a6a5 -> 
  custom:video-encoder-webm-vp8: eb34c28f22e8b96e1ab97ce403110664 -> 
  custom:scripting/monoscript/fileName/TextEditor.cs: 932bce28fdfb33e4807d2516a62ee60c -> 0795927915f8ee9dc27f674f60e96764
  custom:audio-decoder-ogg-vorbis: bf7c407c2cedff20999df2af8eb42d56 -> 
  custom:scripting/monoscript/fileName/LocalizationManager.cs: a1cd2111031acb872dc045880c180122 -> 
  custom:scripting/monoscript/fileName/LocalizedTextEditor.cs: 5c8b7f17efc1d2b807daad2ff10a892d -> 
  custom:audio-encoder-webm-vorbis: bf7c407c2cedff20999df2af8eb42d56 -> 
  custom:scripting/monoscript/fileName/Constants.cs: 10f9f543dfa933f986e364d1256478d3 -> 
  custom:scripting/monoscript/fileName/LocalizationSettingsEditor.cs: 0a62ff49bc046f066cc4a9dbafb958e3 -> ac806a0ff0f97756d81f4b98267cefa6
  custom:scripting/monoscript/fileName/LocalizedTranslate.cs: 3c415716ea20e1e205287b854664259f -> 
  custom:scripting/monoscript/fileName/DropdownEditor.cs: 6e9e48563c04095f2104a5714007740a -> 7835943c2b1e7ab14674862cb91ce165
========================================================================
Received Prepare
Begin MonoManager ReloadAssembly
Symbol file LoadedFromMemory is not a mono symbol file
- Loaded All Assemblies, in  0.355 seconds
Refreshing native plugins compatible for Editor in 4.20 ms, found 3 plugins.
Native extension for WindowsStandalone target not found
Native extension for WebGL target not found
[Package Manager] Server::EnsureServerProcessIsRunning -- launch failed, reason: Unity was launched with the -noUpm command-line argument
[Package Manager] UpmClient::Send -- Unable to send message (not connected to UPM process).
[Package Manager] Cannot connect to Unity Package Manager local server
Mono: successfully reloaded assembly
- Finished resetting the current domain, in  0.854 seconds
Domain Reload Profiling: 1208ms
	BeginReloadAssembly (133ms)
		ExecutionOrderSort (0ms)
		DisableScriptedObjects (5ms)
		BackupInstance (0ms)
		ReleaseScriptingObjects (0ms)
		CreateAndSetChildDomain (26ms)
	RebuildCommonClasses (22ms)
	RebuildNativeTypeToScriptingClass (8ms)
	initialDomainReloadingComplete (19ms)
	LoadAllAssembliesAndSetupDomain (172ms)
		LoadAssemblies (235ms)
		RebuildTransferFunctionScriptingTraits (0ms)
		AnalyzeDomain (10ms)
			TypeCache.Refresh (5ms)
				TypeCache.ScanAssembly (0ms)
			ScanForSourceGeneratedMonoScriptInfo (0ms)
			ResolveRequiredComponents (4ms)
	FinalizeReload (854ms)
		ReleaseScriptCaches (0ms)
		RebuildScriptCaches (0ms)
		SetupLoadedEditorAssemblies (313ms)
			LogAssemblyErrors (0ms)
			InitializePlatformSupportModulesInManaged (4ms)
			SetLoadedEditorAssemblies (3ms)
			RefreshPlugins (0ms)
			BeforeProcessingInitializeOnLoad (58ms)
			ProcessInitializeOnLoadAttributes (219ms)
			ProcessInitializeOnLoadMethodAttributes (26ms)
			AfterProcessingInitializeOnLoad (2ms)
			EditorAssembliesLoaded (0ms)
		ExecutionOrderSort2 (0ms)
		AwakeInstancesAfterBackupRestoration (7ms)
Refreshing native plugins compatible for Editor in 4.29 ms, found 3 plugins.
Preloading 0 native plugins for Editor in 0.00 ms.
Unloading 4082 Unused Serialized files (Serialized files now loaded: 0)
Unloading 30 unused Assets / (33.7 KB). Loaded Objects now: 4663.
Memory consumption went from 147.1 MB to 147.1 MB.
Total: 2.644000 ms (FindLiveObjects: 0.204700 ms CreateObjectMapping: 0.096800 ms MarkObjects: 2.293400 ms  DeleteObjects: 0.048800 ms)

Prepare: number of updated asset objects reloaded= 0
AssetImportParameters requested are different than current active one (requested -> active):
  custom:scripting/monoscript/fileName/LocalizedText.cs: ee51068fc03172e17cf619f62dc3e505 -> 
  custom:container-demuxer-ogg: 62fdf1f143b41e24485cea50d1cbac27 -> 
  custom:video-decoder-ogg-theora: a1e56fd34408186e4bbccfd4996cb3dc -> 
  custom:scripting/monoscript/fileName/LocalizedDropdown.cs: f08c9c0f6a92fec4669b1163db892f4d -> 
  custom:scripting/monoscript/fileName/UI_mock.cs: 4aa4db56fd87dc8d658eadd9fc84b4fd -> 
  custom:framework-win-MediaFoundation: 216162199b28c13a410421893ffa2e32 -> 
  custom:scripting/monoscript/fileName/Sheet.cs: e187667664b8a27ec9c620550de19e88 -> 
  custom:scripting/monoscript/fileName/Example.cs: a93d79bc3f00d5bf7820d4d3e9240da3 -> 
  custom:scripting/monoscript/fileName/LocalizationSync.cs: 5f285ba6729449720c42e770a842debe -> 
  custom:scripting/monoscript/fileName/LocalizationSettingsWindow.cs: 8291477bed5d2f77e96b86d9b5091465 -> 
  custom:CustomObjectIndexerAttribute: 9a22284fe3817be447336de3de66b15e -> 
  custom:container-demuxer-webm: 4f35f7cbe854078d1ac9338744f61a02 -> 
  custom:scripting/monoscript/fileName/LocalizationSettings.cs: d7b7261a25b5b651f76c5deae87258a3 -> 0e2576b46b668ab2000f26b363c67059
  custom:scripting/monoscript/fileName/LocalizationSyncEditor.cs: f8fbb965ef5f061b081a8e859ac5127f -> 
  custom:container-muxer-webm: aa71ff27fc2769a1b78a27578f13a17b -> 
  custom:video-decoder-webm-vp8: 9c59270c3fd7afecdb556c50c9e8de78 -> 
  custom:SearchIndexIgnoredProperties: e643bd26f0fe6173181afceb89e7c659 -> 
  custom:AudioImporter_EditorPlatform: d09bf68614088b80899f8185d706f6e7 -> 
  custom:scripting/monoscript/fileName/LocalizationUtils.cs: 3c806992189686b372a811366c70b8d8 -> 
  custom:scripting/monoscript/fileName/LocalizationEditorWindow.cs: a308791364267e38fc29d4d438bc6117 -> 
  custom:scripting/monoscript/fileName/LocalizationEditor.cs: 794274cb5eeecf6cb8112951b2e2a6a5 -> 
  custom:video-encoder-webm-vp8: eb34c28f22e8b96e1ab97ce403110664 -> 
  custom:scripting/monoscript/fileName/TextEditor.cs: 932bce28fdfb33e4807d2516a62ee60c -> 0795927915f8ee9dc27f674f60e96764
  custom:audio-decoder-ogg-vorbis: bf7c407c2cedff20999df2af8eb42d56 -> 
  custom:scripting/monoscript/fileName/LocalizationManager.cs: a1cd2111031acb872dc045880c180122 -> 
  custom:scripting/monoscript/fileName/LocalizedTextEditor.cs: 5c8b7f17efc1d2b807daad2ff10a892d -> 
  custom:audio-encoder-webm-vorbis: bf7c407c2cedff20999df2af8eb42d56 -> 
  custom:scripting/monoscript/fileName/Constants.cs: 10f9f543dfa933f986e364d1256478d3 -> 
  custom:scripting/monoscript/fileName/LocalizationSettingsEditor.cs: 0a62ff49bc046f066cc4a9dbafb958e3 -> ac806a0ff0f97756d81f4b98267cefa6
  custom:scripting/monoscript/fileName/LocalizedTranslate.cs: 3c415716ea20e1e205287b854664259f -> 
  custom:scripting/monoscript/fileName/DropdownEditor.cs: 6e9e48563c04095f2104a5714007740a -> 7835943c2b1e7ab14674862cb91ce165
========================================================================
Received Prepare
Refreshing native plugins compatible for Editor in 5.07 ms, found 3 plugins.
Preloading 0 native plugins for Editor in 0.00 ms.
Unloading 1 Unused Serialized files (Serialized files now loaded: 0)
Unloading 1 unused Assets / (3.1 KB). Loaded Objects now: 4663.
Memory consumption went from 84.0 MB to 84.0 MB.
Total: 2.983500 ms (FindLiveObjects: 0.271000 ms CreateObjectMapping: 0.088600 ms MarkObjects: 2.603600 ms  DeleteObjects: 0.019600 ms)

Prepare: number of updated asset objects reloaded= 0
AssetImportParameters requested are different than current active one (requested -> active):
  custom:scripting/monoscript/fileName/LocalizedText.cs: ee51068fc03172e17cf619f62dc3e505 -> 
  custom:container-demuxer-ogg: 62fdf1f143b41e24485cea50d1cbac27 -> 
  custom:video-decoder-ogg-theora: a1e56fd34408186e4bbccfd4996cb3dc -> 
  custom:scripting/monoscript/fileName/LocalizedDropdown.cs: f08c9c0f6a92fec4669b1163db892f4d -> 
  custom:scripting/monoscript/fileName/UI_mock.cs: 4aa4db56fd87dc8d658eadd9fc84b4fd -> 
  custom:framework-win-MediaFoundation: 216162199b28c13a410421893ffa2e32 -> 
  custom:scripting/monoscript/fileName/Sheet.cs: e187667664b8a27ec9c620550de19e88 -> 
  custom:scripting/monoscript/fileName/Example.cs: a93d79bc3f00d5bf7820d4d3e9240da3 -> 
  custom:scripting/monoscript/fileName/LocalizationSync.cs: 5f285ba6729449720c42e770a842debe -> 
  custom:scripting/monoscript/fileName/LocalizationSettingsWindow.cs: 8291477bed5d2f77e96b86d9b5091465 -> 
  custom:CustomObjectIndexerAttribute: 9a22284fe3817be447336de3de66b15e -> 
  custom:container-demuxer-webm: 4f35f7cbe854078d1ac9338744f61a02 -> 
  custom:scripting/monoscript/fileName/LocalizationSettings.cs: d7b7261a25b5b651f76c5deae87258a3 -> 0e2576b46b668ab2000f26b363c67059
  custom:scripting/monoscript/fileName/LocalizationSyncEditor.cs: f8fbb965ef5f061b081a8e859ac5127f -> 
  custom:container-muxer-webm: aa71ff27fc2769a1b78a27578f13a17b -> 
  custom:video-decoder-webm-vp8: 9c59270c3fd7afecdb556c50c9e8de78 -> 
  custom:SearchIndexIgnoredProperties: e643bd26f0fe6173181afceb89e7c659 -> 
  custom:AudioImporter_EditorPlatform: d09bf68614088b80899f8185d706f6e7 -> 
  custom:scripting/monoscript/fileName/LocalizationUtils.cs: 3c806992189686b372a811366c70b8d8 -> 
  custom:scripting/monoscript/fileName/LocalizationEditorWindow.cs: a308791364267e38fc29d4d438bc6117 -> 
  custom:scripting/monoscript/fileName/LocalizationEditor.cs: 794274cb5eeecf6cb8112951b2e2a6a5 -> 
  custom:video-encoder-webm-vp8: eb34c28f22e8b96e1ab97ce403110664 -> 
  custom:scripting/monoscript/fileName/TextEditor.cs: 932bce28fdfb33e4807d2516a62ee60c -> 0795927915f8ee9dc27f674f60e96764
  custom:audio-decoder-ogg-vorbis: bf7c407c2cedff20999df2af8eb42d56 -> 
  custom:scripting/monoscript/fileName/LocalizationManager.cs: a1cd2111031acb872dc045880c180122 -> 
  custom:scripting/monoscript/fileName/LocalizedTextEditor.cs: 5c8b7f17efc1d2b807daad2ff10a892d -> 
  custom:audio-encoder-webm-vorbis: bf7c407c2cedff20999df2af8eb42d56 -> 
  custom:scripting/monoscript/fileName/Constants.cs: 10f9f543dfa933f986e364d1256478d3 -> 
  custom:scripting/monoscript/fileName/LocalizationSettingsEditor.cs: 0a62ff49bc046f066cc4a9dbafb958e3 -> ac806a0ff0f97756d81f4b98267cefa6
  custom:scripting/monoscript/fileName/LocalizedTranslate.cs: 3c415716ea20e1e205287b854664259f -> 
  custom:scripting/monoscript/fileName/DropdownEditor.cs: 6e9e48563c04095f2104a5714007740a -> 7835943c2b1e7ab14674862cb91ce165
========================================================================
Received Prepare
Refreshing native plugins compatible for Editor in 4.56 ms, found 3 plugins.
Preloading 0 native plugins for Editor in 0.00 ms.
Unloading 1 Unused Serialized files (Serialized files now loaded: 0)
Unloading 1 unused Assets / (3.1 KB). Loaded Objects now: 4663.
Memory consumption went from 83.6 MB to 83.6 MB.
Total: 2.370100 ms (FindLiveObjects: 0.242600 ms CreateObjectMapping: 0.087800 ms MarkObjects: 2.027300 ms  DeleteObjects: 0.012000 ms)

Prepare: number of updated asset objects reloaded= 0
AssetImportParameters requested are different than current active one (requested -> active):
  custom:scripting/monoscript/fileName/LocalizedText.cs: ee51068fc03172e17cf619f62dc3e505 -> 
  custom:container-demuxer-ogg: 62fdf1f143b41e24485cea50d1cbac27 -> 
  custom:video-decoder-ogg-theora: a1e56fd34408186e4bbccfd4996cb3dc -> 
  custom:scripting/monoscript/fileName/LocalizedDropdown.cs: f08c9c0f6a92fec4669b1163db892f4d -> 
  custom:scripting/monoscript/fileName/UI_mock.cs: 4aa4db56fd87dc8d658eadd9fc84b4fd -> 
  custom:framework-win-MediaFoundation: 216162199b28c13a410421893ffa2e32 -> 
  custom:scripting/monoscript/fileName/Sheet.cs: e187667664b8a27ec9c620550de19e88 -> 
  custom:scripting/monoscript/fileName/Example.cs: a93d79bc3f00d5bf7820d4d3e9240da3 -> 
  custom:scripting/monoscript/fileName/LocalizationSync.cs: 5f285ba6729449720c42e770a842debe -> 
  custom:scripting/monoscript/fileName/LocalizationSettingsWindow.cs: 8291477bed5d2f77e96b86d9b5091465 -> 
  custom:CustomObjectIndexerAttribute: 9a22284fe3817be447336de3de66b15e -> 
  custom:container-demuxer-webm: 4f35f7cbe854078d1ac9338744f61a02 -> 
  custom:scripting/monoscript/fileName/LocalizationSettings.cs: d7b7261a25b5b651f76c5deae87258a3 -> 0e2576b46b668ab2000f26b363c67059
  custom:scripting/monoscript/fileName/LocalizationSyncEditor.cs: f8fbb965ef5f061b081a8e859ac5127f -> 
  custom:container-muxer-webm: aa71ff27fc2769a1b78a27578f13a17b -> 
  custom:video-decoder-webm-vp8: 9c59270c3fd7afecdb556c50c9e8de78 -> 
  custom:SearchIndexIgnoredProperties: e643bd26f0fe6173181afceb89e7c659 -> 
  custom:AudioImporter_EditorPlatform: d09bf68614088b80899f8185d706f6e7 -> 
  custom:scripting/monoscript/fileName/LocalizationUtils.cs: 3c806992189686b372a811366c70b8d8 -> 
  custom:scripting/monoscript/fileName/LocalizationEditorWindow.cs: a308791364267e38fc29d4d438bc6117 -> 
  custom:scripting/monoscript/fileName/LocalizationEditor.cs: 794274cb5eeecf6cb8112951b2e2a6a5 -> 
  custom:video-encoder-webm-vp8: eb34c28f22e8b96e1ab97ce403110664 -> 
  custom:scripting/monoscript/fileName/TextEditor.cs: 932bce28fdfb33e4807d2516a62ee60c -> 0795927915f8ee9dc27f674f60e96764
  custom:audio-decoder-ogg-vorbis: bf7c407c2cedff20999df2af8eb42d56 -> 
  custom:scripting/monoscript/fileName/LocalizationManager.cs: a1cd2111031acb872dc045880c180122 -> 
  custom:scripting/monoscript/fileName/LocalizedTextEditor.cs: 5c8b7f17efc1d2b807daad2ff10a892d -> 
  custom:audio-encoder-webm-vorbis: bf7c407c2cedff20999df2af8eb42d56 -> 
  custom:scripting/monoscript/fileName/Constants.cs: 10f9f543dfa933f986e364d1256478d3 -> 
  custom:scripting/monoscript/fileName/LocalizationSettingsEditor.cs: 0a62ff49bc046f066cc4a9dbafb958e3 -> ac806a0ff0f97756d81f4b98267cefa6
  custom:scripting/monoscript/fileName/LocalizedTranslate.cs: 3c415716ea20e1e205287b854664259f -> 
  custom:scripting/monoscript/fileName/DropdownEditor.cs: 6e9e48563c04095f2104a5714007740a -> 7835943c2b1e7ab14674862cb91ce165
